# JRE version: OpenJDK Runtime Environment (8.0_242) (build 1.8.0_242-release-1644-b3-6222593)
# Java VM: OpenJDK 64-Bit Server VM (25.242-b3-6222593 mixed mode bsd-amd64 compressed oops)
Heap:
 PSYoungGen      total 494080K, used 190080K [0x0000000795580000, 0x00000007bf980000, 0x00000007c0000000)
  eden space 308224K, 60% used [0x0000000795580000,0x00000007a0b03340,0x00000007a8280000)
  from space 185856K, 2% used [0x00000007a8280000,0x00000007a869d080,0x00000007b3800000)
  to   space 178688K, 0% used [0x00000007b4b00000,0x00000007b4b00000,0x00000007bf980000)
 ParOldGen       total 471552K, used 378445K [0x0000000740000000, 0x000000075cc80000, 0x0000000795580000)
  object space 471552K, 80% used [0x0000000740000000,0x00000007571937b0,0x000000075cc80000)
 Metaspace       used 107804K, capacity 114722K, committed 114968K, reserved 1148928K
  class space    used 13879K, capacity 15090K, committed 15128K, reserved 1048576K
GC Heap History (10 events):
Event: 6472.105 GC heap before
{Heap before GC invocations=41 (full 6):
 PSYoungGen      total 479232K, used 283768K [0x0000000795580000, 0x00000007bf880000, 0x00000007c0000000)
  eden space 278528K, 100% used [0x0000000795580000,0x00000007a6580000,0x00000007a6580000)
  from space 200704K, 2% used [0x00000007b3480000,0x00000007b399e3a0,0x00000007bf880000)
  to   space 206336K, 0% used [0x00000007a6580000,0x00000007a6580000,0x00000007b2f00000)
 ParOldGen       total 471552K, used 358723K [0x0000000740000000, 0x000000075cc80000, 0x0000000795580000)
  object space 471552K, 76% used [0x0000000740000000,0x0000000755e50f10,0x000000075cc80000)
 Metaspace       used 107754K, capacity 114648K, committed 114968K, reserved 1148928K
  class space    used 13878K, capacity 15089K, committed 15128K, reserved 1048576K
Event: 6472.121 GC heap after
Heap after GC invocations=41 (full 6):
 PSYoungGen      total 484864K, used 6870K [0x0000000795580000, 0x00000007bfe80000, 0x00000007c0000000)
  eden space 278528K, 0% used [0x0000000795580000,0x0000000795580000,0x00000007a6580000)
  from space 206336K, 3% used [0x00000007a6580000,0x00000007a6c359b0,0x00000007b2f00000)
  to   space 202752K, 0% used [0x00000007b3880000,0x00000007b3880000,0x00000007bfe80000)
 ParOldGen       total 471552K, used 362933K [0x0000000740000000, 0x000000075cc80000, 0x0000000795580000)
  object space 471552K, 76% used [0x0000000740000000,0x000000075626d5c0,0x000000075cc80000)
 Metaspace       used 107754K, capacity 114648K, committed 114968K, reserved 1148928K
  class space    used 13878K, capacity 15089K, committed 15128K, reserved 1048576K
}
Event: 6472.766 GC heap before
{Heap before GC invocations=42 (full 6):
 PSYoungGen      total 484864K, used 285398K [0x0000000795580000, 0x00000007bfe80000, 0x00000007c0000000)
  eden space 278528K, 100% used [0x0000000795580000,0x00000007a6580000,0x00000007a6580000)
  from space 206336K, 3% used [0x00000007a6580000,0x00000007a6c359b0,0x00000007b2f00000)
  to   space 202752K, 0% used [0x00000007b3880000,0x00000007b3880000,0x00000007bfe80000)
 ParOldGen       total 471552K, used 362933K [0x0000000740000000, 0x000000075cc80000, 0x0000000795580000)
  object space 471552K, 76% used [0x0000000740000000,0x000000075626d5c0,0x000000075cc80000)
 Metaspace       used 107777K, capacity 114650K, committed 114968K, reserved 1148928K
  class space    used 13879K, capacity 15090K, committed 15128K, reserved 1048576K
Event: 6472.782 GC heap after
Heap after GC invocations=42 (full 6):
 PSYoungGen      total 481280K, used 3964K [0x0000000795580000, 0x00000007bf380000, 0x00000007c0000000)
  eden space 289792K, 0% used [0x0000000795580000,0x0000000795580000,0x00000007a7080000)
  from space 191488K, 2% used [0x00000007b3880000,0x00000007b3c5f158,0x00000007bf380000)
  to   space 198144K, 0% used [0x00000007a7080000,0x00000007a7080000,0x00000007b3200000)
 ParOldGen       total 471552K, used 368806K [0x0000000740000000, 0x000000075cc80000, 0x0000000795580000)
  object space 471552K, 78% used [0x0000000740000000,0x0000000756829938,0x000000075cc80000)
 Metaspace       used 107777K, capacity 114650K, committed 114968K, reserved 1148928K
  class space    used 13879K, capacity 15090K, committed 15128K, reserved 1048576K
}
Event: 6473.367 GC heap before
{Heap before GC invocations=43 (full 6):
 PSYoungGen      total 481280K, used 293756K [0x0000000795580000, 0x00000007bf380000, 0x00000007c0000000)
  eden space 289792K, 100% used [0x0000000795580000,0x00000007a7080000,0x00000007a7080000)
  from space 191488K, 2% used [0x00000007b3880000,0x00000007b3c5f158,0x00000007bf380000)
  to   space 198144K, 0% used [0x00000007a7080000,0x00000007a7080000,0x00000007b3200000)
 ParOldGen       total 471552K, used 368806K [0x0000000740000000, 0x000000075cc80000, 0x0000000795580000)
  object space 471552K, 78% used [0x0000000740000000,0x0000000756829938,0x000000075cc80000)
 Metaspace       used 107783K, capacity 114654K, committed 114968K, reserved 1148928K
  class space    used 13879K, capacity 15090K, committed 15128K, reserved 1048576K
Event: 6473.380 GC heap after
Heap after GC invocations=43 (full 6):
 PSYoungGen      total 487936K, used 4052K [0x0000000795580000, 0x00000007bfb80000, 0x00000007c0000000)
  eden space 289792K, 0% used [0x0000000795580000,0x0000000795580000,0x00000007a7080000)
  from space 198144K, 2% used [0x00000007a7080000,0x00000007a7475070,0x00000007b3200000)
  to   space 192512K, 0% used [0x00000007b3f80000,0x00000007b3f80000,0x00000007bfb80000)
 ParOldGen       total 471552K, used 371976K [0x0000000740000000, 0x000000075cc80000, 0x0000000795580000)
  object space 471552K, 78% used [0x0000000740000000,0x0000000756b42270,0x000000075cc80000)
 Metaspace       used 107783K, capacity 114654K, committed 114968K, reserved 1148928K
  class space    used 13879K, capacity 15090K, committed 15128K, reserved 1048576K
}
Event: 6473.989 GC heap before
{Heap before GC invocations=44 (full 6):
 PSYoungGen      total 487936K, used 293844K [0x0000000795580000, 0x00000007bfb80000, 0x00000007c0000000)
  eden space 289792K, 100% used [0x0000000795580000,0x00000007a7080000,0x00000007a7080000)
  from space 198144K, 2% used [0x00000007a7080000,0x00000007a7475070,0x00000007b3200000)
  to   space 192512K, 0% used [0x00000007b3f80000,0x00000007b3f80000,0x00000007bfb80000)
 ParOldGen       total 471552K, used 371976K [0x0000000740000000, 0x000000075cc80000, 0x0000000795580000)
  object space 471552K, 78% used [0x0000000740000000,0x0000000756b42270,0x000000075cc80000)
 Metaspace       used 107795K, capacity 114658K, committed 114968K, reserved 1148928K
  class space    used 13879K, capacity 15090K, committed 15128K, reserved 1048576K
Event: 6474.001 GC heap after
Heap after GC invocations=44 (full 6):
 PSYoungGen      total 486400K, used 3700K [0x0000000795580000, 0x00000007bed80000, 0x00000007c0000000)
  eden space 308224K, 0% used [0x0000000795580000,0x0000000795580000,0x00000007a8280000)
  from space 178176K, 2% used [0x00000007b3f80000,0x00000007b431d148,0x00000007bed80000)
  to   space 185856K, 0% used [0x00000007a8280000,0x00000007a8280000,0x00000007b3800000)
 ParOldGen       total 471552K, used 375348K [0x0000000740000000, 0x000000075cc80000, 0x0000000795580000)
  object space 471552K, 79% used [0x0000000740000000,0x0000000756e8d2a8,0x000000075cc80000)
 Metaspace       used 107795K, capacity 114658K, committed 114968K, reserved 1148928K
  class space    used 13879K, capacity 15090K, committed 15128K, reserved 1048576K
}
Event: 6474.641 GC heap before
{Heap before GC invocations=45 (full 6):
 PSYoungGen      total 486400K, used 311924K [0x0000000795580000, 0x00000007bed80000, 0x00000007c0000000)
  eden space 308224K, 100% used [0x0000000795580000,0x00000007a8280000,0x00000007a8280000)
  from space 178176K, 2% used [0x00000007b3f80000,0x00000007b431d148,0x00000007bed80000)
  to   space 185856K, 0% used [0x00000007a8280000,0x00000007a8280000,0x00000007b3800000)
 ParOldGen       total 471552K, used 375348K [0x0000000740000000, 0x000000075cc80000, 0x0000000795580000)
  object space 471552K, 79% used [0x0000000740000000,0x0000000756e8d2a8,0x000000075cc80000)
 Metaspace       used 107798K, capacity 114658K, committed 114968K, reserved 1148928K
  class space    used 13879K, capacity 15090K, committed 15128K, reserved 1048576K
Event: 6474.654 GC heap after
Heap after GC invocations=45 (full 6):
 PSYoungGen      total 494080K, used 4212K [0x0000000795580000, 0x00000007bf980000, 0x00000007c0000000)
  eden space 308224K, 0% used [0x0000000795580000,0x0000000795580000,0x00000007a8280000)
  from space 185856K, 2% used [0x00000007a8280000,0x00000007a869d080,0x00000007b3800000)
  to   space 178688K, 0% used [0x00000007b4b00000,0x00000007b4b00000,0x00000007bf980000)
 ParOldGen       total 471552K, used 378445K [0x0000000740000000, 0x000000075cc80000, 0x0000000795580000)
  object space 471552K, 80% used [0x0000000740000000,0x00000007571937b0,0x000000075cc80000)
 Metaspace       used 107798K, capacity 114658K, committed 114968K, reserved 1148928K
  class space    used 13879K, capacity 15090K, committed 15128K, reserved 1048576K
}

